<?xml version="1.0" encoding="UTF-8"?>
<testng-results ignored="0" total="2" passed="2" failed="0" skipped="0">
  <reporter-output>
  </reporter-output>
  <suite started-at="2021-11-27T09:10:52Z" name="Default suite" finished-at="2021-11-27T09:11:05Z" duration-ms="12702">
    <groups>
    </groups>
    <test started-at="2021-11-27T09:10:52Z" name="Default test" finished-at="2021-11-27T09:11:05Z" duration-ms="12702">
      <class name="OrangeCRMTest.LoginTest">
        <test-method signature="LoginTest()[pri:0, instance:OrangeCRMTest.LoginTest@6aa61224]" started-at="2021-11-27T09:10:52Z" name="LoginTest" finished-at="2021-11-27T09:11:04Z" duration-ms="11782" status="PASS">
          <reporter-output>
          </reporter-output>
        </test-method> <!-- LoginTest -->
        <test-method signature="homePageTest()[pri:0, instance:OrangeCRMTest.LoginTest@6aa61224]" started-at="2021-11-27T09:11:04Z" name="homePageTest" finished-at="2021-11-27T09:11:05Z" duration-ms="428" status="PASS">
          <reporter-output>
          </reporter-output>
        </test-method> <!-- homePageTest -->
        <test-method is-config="true" signature="driverClose()[pri:0, instance:OrangeCRMTest.LoginTest@6aa61224]" started-at="2021-11-27T09:11:05Z" name="driverClose" finished-at="2021-11-27T09:11:05Z" duration-ms="428" status="PASS">
          <reporter-output>
          </reporter-output>
        </test-method> <!-- driverClose -->
      </class> <!-- OrangeCRMTest.LoginTest -->
    </test> <!-- Default test -->
  </suite> <!-- Default suite -->
</testng-results>
